2025-06-16 19:17:43,271  INFO [main] CogmentoCRM:99 - Chrome browser opened
2025-06-16 19:17:43,305  INFO [main] CogmentoCRM:59 - cookies deleted
2025-06-16 19:17:43,383  INFO [main] CogmentoCRM:61 - Browser maximized
2025-06-16 19:18:35,450  INFO [main] CogmentoCRM:63 - url launched
2025-06-16 19:18:35,488  INFO [main] CogmentoCRM:21 - waited untill page fully loaded
2025-06-16 19:18:35,857  INFO [main] CogmentoCRM:23 - Loggedin successfully
2025-06-16 19:18:35,867  INFO [main] CogmentoCRM:25 - page Title is matching
2025-06-16 19:18:39,716  INFO [main] CogmentoCRM:28 - Logged into the correct account
2025-06-16 19:18:40,225  INFO [main] CogmentoCRM:32 - Logo is validated
2025-06-16 19:18:42,519  INFO [main] CogmentoCRM:50 - Mousehover to the home icon
2025-06-16 19:18:43,222  INFO [main] CogmentoCRM:39 - company name eneterd
2025-06-16 19:18:43,691  INFO [main] CogmentoCRM:41 - website link eneterd
2025-06-16 19:18:44,118  INFO [main] CogmentoCRM:43 - city name eneterd
2025-06-16 19:18:44,422  INFO [main] CogmentoCRM:45 - phone number eneterd
2025-06-16 19:18:44,541  INFO [main] CogmentoCRM:47 - industry name eneterd
2025-06-16 19:18:44,689  INFO [main] CogmentoCRM:49 - employers number eneterd
2025-06-16 19:18:44,819  INFO [main] CogmentoCRM:51 - clicked on save button
2025-06-16 19:18:52,052  INFO [main] CogmentoCRM:99 - Chrome browser opened
2025-06-16 19:18:52,068  INFO [main] CogmentoCRM:59 - cookies deleted
2025-06-16 19:18:52,102  INFO [main] CogmentoCRM:61 - Browser maximized
2025-06-16 19:19:24,085  INFO [main] CogmentoCRM:63 - url launched
2025-06-16 19:19:24,104  INFO [main] CogmentoCRM:21 - waited untill page fully loaded
2025-06-16 19:19:24,409  INFO [main] CogmentoCRM:23 - Loggedin successfully
2025-06-16 19:19:24,416  INFO [main] CogmentoCRM:25 - page Title is matching
2025-06-16 19:19:27,389  INFO [main] CogmentoCRM:28 - Logged into the correct account
2025-06-16 19:19:27,900  INFO [main] CogmentoCRM:32 - Logo is validated
2025-06-16 19:19:30,151  INFO [main] CogmentoCRM:50 - Mousehover to the home icon
2025-06-16 19:19:30,820  INFO [main] CogmentoCRM:39 - company name eneterd
2025-06-16 19:19:31,309  INFO [main] CogmentoCRM:41 - website link eneterd
2025-06-16 19:19:31,661  INFO [main] CogmentoCRM:43 - city name eneterd
2025-06-16 19:19:31,991  INFO [main] CogmentoCRM:45 - phone number eneterd
2025-06-16 19:19:32,123  INFO [main] CogmentoCRM:47 - industry name eneterd
2025-06-16 19:19:32,282  INFO [main] CogmentoCRM:49 - employers number eneterd
2025-06-16 19:19:32,430  INFO [main] CogmentoCRM:51 - clicked on save button
2025-06-16 19:19:38,737  INFO [main] CogmentoCRM:99 - Chrome browser opened
2025-06-16 19:19:38,756  INFO [main] CogmentoCRM:59 - cookies deleted
2025-06-16 19:19:38,820  INFO [main] CogmentoCRM:61 - Browser maximized
2025-06-16 19:20:01,205  INFO [main] CogmentoCRM:63 - url launched
2025-06-16 19:20:01,224  INFO [main] CogmentoCRM:21 - waited untill page fully loaded
2025-06-16 19:20:01,522  INFO [main] CogmentoCRM:23 - Loggedin successfully
2025-06-16 19:20:01,531  INFO [main] CogmentoCRM:25 - page Title is matching
2025-06-16 19:20:04,172  INFO [main] CogmentoCRM:28 - Logged into the correct account
2025-06-16 19:20:04,636  INFO [main] CogmentoCRM:32 - Logo is validated
2025-06-16 19:20:06,859  INFO [main] CogmentoCRM:50 - Mousehover to the home icon
2025-06-16 19:20:07,614  INFO [main] CogmentoCRM:39 - company name eneterd
2025-06-16 19:20:07,927  INFO [main] CogmentoCRM:41 - website link eneterd
2025-06-16 19:20:08,141  INFO [main] CogmentoCRM:43 - city name eneterd
2025-06-16 19:20:08,465  INFO [main] CogmentoCRM:45 - phone number eneterd
2025-06-16 19:20:08,620  INFO [main] CogmentoCRM:47 - industry name eneterd
2025-06-16 19:20:08,760  INFO [main] CogmentoCRM:49 - employers number eneterd
2025-06-16 19:20:08,887  INFO [main] CogmentoCRM:51 - clicked on save button
2025-06-16 19:20:15,710  INFO [main] CogmentoCRM:99 - Chrome browser opened
2025-06-16 19:20:15,724  INFO [main] CogmentoCRM:59 - cookies deleted
2025-06-16 19:20:15,758  INFO [main] CogmentoCRM:61 - Browser maximized
2025-06-16 19:20:46,745  INFO [main] CogmentoCRM:63 - url launched
2025-06-16 19:20:46,764  INFO [main] CogmentoCRM:21 - waited untill page fully loaded
2025-06-16 19:20:47,067  INFO [main] CogmentoCRM:23 - Loggedin successfully
2025-06-16 19:20:47,074  INFO [main] CogmentoCRM:25 - page Title is matching
2025-06-16 19:20:50,045  INFO [main] CogmentoCRM:28 - Logged into the correct account
2025-06-16 19:20:50,435  INFO [main] CogmentoCRM:32 - Logo is validated
2025-06-16 19:20:52,610  INFO [main] CogmentoCRM:50 - Mousehover to the home icon
2025-06-16 19:20:53,388  INFO [main] CogmentoCRM:39 - company name eneterd
2025-06-16 19:20:53,805  INFO [main] CogmentoCRM:41 - website link eneterd
2025-06-16 19:20:54,004  INFO [main] CogmentoCRM:43 - city name eneterd
2025-06-16 19:20:54,326  INFO [main] CogmentoCRM:45 - phone number eneterd
2025-06-16 19:20:54,479  INFO [main] CogmentoCRM:47 - industry name eneterd
2025-06-16 19:20:54,650  INFO [main] CogmentoCRM:49 - employers number eneterd
2025-06-16 19:20:54,816  INFO [main] CogmentoCRM:51 - clicked on save button
2025-06-16 19:21:01,233  INFO [main] CogmentoCRM:99 - Chrome browser opened
2025-06-16 19:21:01,253  INFO [main] CogmentoCRM:59 - cookies deleted
2025-06-16 19:21:01,320  INFO [main] CogmentoCRM:61 - Browser maximized
2025-06-16 19:22:00,001  INFO [main] CogmentoCRM:63 - url launched
2025-06-16 19:22:00,021  INFO [main] CogmentoCRM:21 - waited untill page fully loaded
2025-06-16 19:22:00,324  INFO [main] CogmentoCRM:23 - Loggedin successfully
2025-06-16 19:22:00,332  INFO [main] CogmentoCRM:25 - page Title is matching
2025-06-16 19:22:03,379  INFO [main] CogmentoCRM:28 - Logged into the correct account
2025-06-16 19:22:03,857  INFO [main] CogmentoCRM:32 - Logo is validated
2025-06-16 19:22:06,034  INFO [main] CogmentoCRM:50 - Mousehover to the home icon
2025-06-16 19:22:06,693  INFO [main] CogmentoCRM:39 - company name eneterd
2025-06-16 19:22:06,973  INFO [main] CogmentoCRM:41 - website link eneterd
2025-06-16 19:22:07,256  INFO [main] CogmentoCRM:43 - city name eneterd
2025-06-16 19:22:07,573  INFO [main] CogmentoCRM:45 - phone number eneterd
2025-06-16 19:22:07,685  INFO [main] CogmentoCRM:47 - industry name eneterd
2025-06-16 19:22:07,829  INFO [main] CogmentoCRM:49 - employers number eneterd
2025-06-16 19:22:07,954  INFO [main] CogmentoCRM:51 - clicked on save button
2025-06-16 19:22:15,316  INFO [main] CogmentoCRM:99 - Chrome browser opened
2025-06-16 19:22:15,333  INFO [main] CogmentoCRM:59 - cookies deleted
2025-06-16 19:22:15,390  INFO [main] CogmentoCRM:61 - Browser maximized
2025-06-16 19:23:02,960  INFO [main] CogmentoCRM:63 - url launched
2025-06-16 19:23:02,978  INFO [main] CogmentoCRM:21 - waited untill page fully loaded
2025-06-16 19:23:03,299  INFO [main] CogmentoCRM:23 - Loggedin successfully
2025-06-16 19:23:03,305  INFO [main] CogmentoCRM:25 - page Title is matching
2025-06-16 19:23:06,070  INFO [main] CogmentoCRM:28 - Logged into the correct account
2025-06-16 19:23:06,453  INFO [main] CogmentoCRM:32 - Logo is validated
2025-06-16 19:23:08,573  INFO [main] CogmentoCRM:50 - Mousehover to the home icon
2025-06-16 19:23:09,190  INFO [main] CogmentoCRM:39 - company name eneterd
2025-06-16 19:23:09,439  INFO [main] CogmentoCRM:41 - website link eneterd
2025-06-16 19:23:09,675  INFO [main] CogmentoCRM:43 - city name eneterd
2025-06-16 19:23:10,011  INFO [main] CogmentoCRM:45 - phone number eneterd
2025-06-16 19:23:10,141  INFO [main] CogmentoCRM:47 - industry name eneterd
2025-06-16 19:23:10,290  INFO [main] CogmentoCRM:49 - employers number eneterd
2025-06-16 19:23:10,423  INFO [main] CogmentoCRM:51 - clicked on save button
2025-06-16 19:23:16,670  INFO [main] CogmentoCRM:99 - Chrome browser opened
2025-06-16 19:23:16,687  INFO [main] CogmentoCRM:59 - cookies deleted
2025-06-16 19:23:16,764  INFO [main] CogmentoCRM:61 - Browser maximized
2025-06-16 19:24:17,771  INFO [main] CogmentoCRM:63 - url launched
2025-06-16 19:24:17,788  INFO [main] CogmentoCRM:21 - waited untill page fully loaded
2025-06-16 19:24:18,102  INFO [main] CogmentoCRM:23 - Loggedin successfully
2025-06-16 19:24:18,108  INFO [main] CogmentoCRM:25 - page Title is matching
2025-06-16 19:24:22,062  INFO [main] CogmentoCRM:28 - Logged into the correct account
2025-06-16 19:24:22,490  INFO [main] CogmentoCRM:32 - Logo is validated
2025-06-16 19:24:24,675  INFO [main] CogmentoCRM:50 - Mousehover to the home icon
2025-06-16 19:24:25,354  INFO [main] CogmentoCRM:39 - company name eneterd
2025-06-16 19:24:25,652  INFO [main] CogmentoCRM:41 - website link eneterd
2025-06-16 19:24:25,931  INFO [main] CogmentoCRM:43 - city name eneterd
2025-06-16 19:24:26,221  INFO [main] CogmentoCRM:45 - phone number eneterd
2025-06-16 19:24:26,341  INFO [main] CogmentoCRM:47 - industry name eneterd
2025-06-16 19:24:26,505  INFO [main] CogmentoCRM:49 - employers number eneterd
2025-06-16 19:24:26,638  INFO [main] CogmentoCRM:51 - clicked on save button
2025-06-16 19:24:33,205  INFO [main] CogmentoCRM:99 - Chrome browser opened
2025-06-16 19:24:33,219  INFO [main] CogmentoCRM:59 - cookies deleted
2025-06-16 19:24:33,258  INFO [main] CogmentoCRM:61 - Browser maximized
2025-06-16 19:26:05,081  INFO [main] CogmentoCRM:63 - url launched
2025-06-16 19:26:05,099  INFO [main] CogmentoCRM:21 - waited untill page fully loaded
2025-06-16 19:26:05,420  INFO [main] CogmentoCRM:23 - Loggedin successfully
2025-06-16 19:26:05,428  INFO [main] CogmentoCRM:25 - page Title is matching
2025-06-16 19:26:08,760  INFO [main] CogmentoCRM:28 - Logged into the correct account
2025-06-16 19:26:09,161  INFO [main] CogmentoCRM:32 - Logo is validated
2025-06-16 19:26:11,393  INFO [main] CogmentoCRM:50 - Mousehover to the home icon
2025-06-16 19:26:12,061  INFO [main] CogmentoCRM:39 - company name eneterd
2025-06-16 19:26:12,396  INFO [main] CogmentoCRM:41 - website link eneterd
2025-06-16 19:26:12,648  INFO [main] CogmentoCRM:43 - city name eneterd
2025-06-16 19:26:12,950  INFO [main] CogmentoCRM:45 - phone number eneterd
2025-06-16 19:26:13,072  INFO [main] CogmentoCRM:47 - industry name eneterd
2025-06-16 19:26:13,219  INFO [main] CogmentoCRM:49 - employers number eneterd
2025-06-16 19:26:13,348  INFO [main] CogmentoCRM:51 - clicked on save button
2025-06-16 19:26:19,584  INFO [main] CogmentoCRM:99 - Chrome browser opened
2025-06-16 19:26:19,601  INFO [main] CogmentoCRM:59 - cookies deleted
2025-06-16 19:26:19,655  INFO [main] CogmentoCRM:61 - Browser maximized
2025-06-16 19:28:14,713  INFO [main] CogmentoCRM:63 - url launched
2025-06-16 19:28:14,732  INFO [main] CogmentoCRM:21 - waited untill page fully loaded
2025-06-16 19:28:15,046  INFO [main] CogmentoCRM:23 - Loggedin successfully
2025-06-16 19:28:15,054  INFO [main] CogmentoCRM:25 - page Title is matching
2025-06-16 19:28:18,013  INFO [main] CogmentoCRM:28 - Logged into the correct account
2025-06-16 19:28:18,420  INFO [main] CogmentoCRM:32 - Logo is validated
2025-06-16 19:28:20,573  INFO [main] CogmentoCRM:50 - Mousehover to the home icon
2025-06-16 19:28:21,346  INFO [main] CogmentoCRM:39 - company name eneterd
2025-06-16 19:28:21,721  INFO [main] CogmentoCRM:41 - website link eneterd
2025-06-16 19:28:22,011  INFO [main] CogmentoCRM:43 - city name eneterd
2025-06-16 19:28:22,318  INFO [main] CogmentoCRM:45 - phone number eneterd
2025-06-16 19:28:22,435  INFO [main] CogmentoCRM:47 - industry name eneterd
2025-06-16 19:28:22,584  INFO [main] CogmentoCRM:49 - employers number eneterd
2025-06-16 19:28:22,715  INFO [main] CogmentoCRM:51 - clicked on save button
2025-06-16 19:28:29,400  INFO [main] CogmentoCRM:99 - Chrome browser opened
2025-06-16 19:28:29,411  INFO [main] CogmentoCRM:59 - cookies deleted
2025-06-16 19:28:29,449  INFO [main] CogmentoCRM:61 - Browser maximized
2025-06-16 19:29:36,528  INFO [main] CogmentoCRM:63 - url launched
2025-06-16 19:29:36,549  INFO [main] CogmentoCRM:21 - waited untill page fully loaded
2025-06-16 19:29:36,855  INFO [main] CogmentoCRM:23 - Loggedin successfully
2025-06-16 19:29:36,862  INFO [main] CogmentoCRM:25 - page Title is matching
2025-06-16 19:29:40,954  INFO [main] CogmentoCRM:28 - Logged into the correct account
2025-06-16 19:29:41,468  INFO [main] CogmentoCRM:32 - Logo is validated
2025-06-16 19:29:43,687  INFO [main] CogmentoCRM:50 - Mousehover to the home icon
2025-06-16 19:29:44,538  INFO [main] CogmentoCRM:39 - company name eneterd
2025-06-16 19:29:44,930  INFO [main] CogmentoCRM:41 - website link eneterd
2025-06-16 19:29:45,250  INFO [main] CogmentoCRM:43 - city name eneterd
2025-06-16 19:29:45,566  INFO [main] CogmentoCRM:45 - phone number eneterd
2025-06-16 19:29:45,685  INFO [main] CogmentoCRM:47 - industry name eneterd
2025-06-16 19:29:45,844  INFO [main] CogmentoCRM:49 - employers number eneterd
2025-06-16 19:29:45,989  INFO [main] CogmentoCRM:51 - clicked on save button
2025-06-16 19:29:52,135  INFO [main] CogmentoCRM:99 - Chrome browser opened
2025-06-16 19:29:52,148  INFO [main] CogmentoCRM:59 - cookies deleted
2025-06-16 19:29:52,195  INFO [main] CogmentoCRM:61 - Browser maximized
2025-06-16 19:31:04,777  INFO [main] CogmentoCRM:63 - url launched
2025-06-16 19:31:04,795  INFO [main] CogmentoCRM:21 - waited untill page fully loaded
2025-06-16 19:31:05,109  INFO [main] CogmentoCRM:23 - Loggedin successfully
2025-06-16 19:31:05,115  INFO [main] CogmentoCRM:25 - page Title is matching
2025-06-16 19:31:08,564  INFO [main] CogmentoCRM:28 - Logged into the correct account
2025-06-16 19:31:09,075  INFO [main] CogmentoCRM:32 - Logo is validated
2025-06-16 19:31:11,424  INFO [main] CogmentoCRM:50 - Mousehover to the home icon
2025-06-16 19:31:12,293  INFO [main] CogmentoCRM:39 - company name eneterd
2025-06-16 19:31:12,671  INFO [main] CogmentoCRM:41 - website link eneterd
2025-06-16 19:31:13,033  INFO [main] CogmentoCRM:43 - city name eneterd
2025-06-16 19:31:13,388  INFO [main] CogmentoCRM:45 - phone number eneterd
2025-06-16 19:31:13,522  INFO [main] CogmentoCRM:47 - industry name eneterd
2025-06-16 19:31:13,683  INFO [main] CogmentoCRM:49 - employers number eneterd
2025-06-16 19:31:13,824  INFO [main] CogmentoCRM:51 - clicked on save button
2025-06-16 19:31:20,349  INFO [main] CogmentoCRM:99 - Chrome browser opened
2025-06-16 19:31:20,358  INFO [main] CogmentoCRM:59 - cookies deleted
2025-06-16 19:31:20,393  INFO [main] CogmentoCRM:61 - Browser maximized
2025-06-16 19:32:25,116  INFO [main] CogmentoCRM:63 - url launched
2025-06-16 19:32:25,134  INFO [main] CogmentoCRM:21 - waited untill page fully loaded
2025-06-16 19:32:25,435  INFO [main] CogmentoCRM:23 - Loggedin successfully
2025-06-16 19:32:25,443  INFO [main] CogmentoCRM:25 - page Title is matching
2025-06-16 19:32:28,615  INFO [main] CogmentoCRM:28 - Logged into the correct account
2025-06-16 19:32:29,142  INFO [main] CogmentoCRM:32 - Logo is validated
2025-06-16 19:32:31,701  INFO [main] CogmentoCRM:50 - Mousehover to the home icon
2025-06-16 19:32:32,539  INFO [main] CogmentoCRM:39 - company name eneterd
2025-06-16 19:32:32,932  INFO [main] CogmentoCRM:41 - website link eneterd
2025-06-16 19:32:33,265  INFO [main] CogmentoCRM:43 - city name eneterd
2025-06-16 19:32:33,560  INFO [main] CogmentoCRM:45 - phone number eneterd
2025-06-16 19:32:33,676  INFO [main] CogmentoCRM:47 - industry name eneterd
2025-06-16 19:32:33,825  INFO [main] CogmentoCRM:49 - employers number eneterd
2025-06-16 19:32:33,958  INFO [main] CogmentoCRM:51 - clicked on save button
2025-06-16 19:32:40,243  INFO [main] CogmentoCRM:99 - Chrome browser opened
2025-06-16 19:32:40,257  INFO [main] CogmentoCRM:59 - cookies deleted
2025-06-16 19:32:40,308  INFO [main] CogmentoCRM:61 - Browser maximized
2025-06-16 19:33:53,670  INFO [main] CogmentoCRM:63 - url launched
2025-06-16 19:33:53,687  INFO [main] CogmentoCRM:21 - waited untill page fully loaded
2025-06-16 19:33:53,976  INFO [main] CogmentoCRM:23 - Loggedin successfully
2025-06-16 19:33:53,982  INFO [main] CogmentoCRM:25 - page Title is matching
2025-06-16 19:33:57,118  INFO [main] CogmentoCRM:28 - Logged into the correct account
2025-06-16 19:33:57,689  INFO [main] CogmentoCRM:32 - Logo is validated
2025-06-16 19:34:00,107  INFO [main] CogmentoCRM:50 - Mousehover to the home icon
2025-06-16 19:34:01,007  INFO [main] CogmentoCRM:39 - company name eneterd
2025-06-16 19:34:01,319  INFO [main] CogmentoCRM:41 - website link eneterd
2025-06-16 19:34:01,565  INFO [main] CogmentoCRM:43 - city name eneterd
2025-06-16 19:34:01,882  INFO [main] CogmentoCRM:45 - phone number eneterd
2025-06-16 19:34:02,004  INFO [main] CogmentoCRM:47 - industry name eneterd
2025-06-16 19:34:02,154  INFO [main] CogmentoCRM:49 - employers number eneterd
2025-06-16 19:34:02,311  INFO [main] CogmentoCRM:51 - clicked on save button
2025-06-16 19:34:08,863  INFO [main] CogmentoCRM:99 - Chrome browser opened
2025-06-16 19:34:08,873  INFO [main] CogmentoCRM:59 - cookies deleted
2025-06-16 19:34:08,918  INFO [main] CogmentoCRM:61 - Browser maximized
2025-06-16 19:34:58,112  INFO [main] CogmentoCRM:63 - url launched
2025-06-16 19:34:58,139  INFO [main] CogmentoCRM:21 - waited untill page fully loaded
2025-06-16 19:34:58,485  INFO [main] CogmentoCRM:23 - Loggedin successfully
2025-06-16 19:34:58,491  INFO [main] CogmentoCRM:25 - page Title is matching
2025-06-16 19:35:01,969  INFO [main] CogmentoCRM:28 - Logged into the correct account
2025-06-16 19:35:02,417  INFO [main] CogmentoCRM:32 - Logo is validated
2025-06-16 19:35:04,783  INFO [main] CogmentoCRM:50 - Mousehover to the home icon
2025-06-16 19:35:05,538  INFO [main] CogmentoCRM:39 - company name eneterd
2025-06-16 19:35:05,865  INFO [main] CogmentoCRM:41 - website link eneterd
2025-06-16 19:35:06,153  INFO [main] CogmentoCRM:43 - city name eneterd
2025-06-16 19:35:06,474  INFO [main] CogmentoCRM:45 - phone number eneterd
2025-06-16 19:35:06,621  INFO [main] CogmentoCRM:47 - industry name eneterd
2025-06-16 19:35:06,780  INFO [main] CogmentoCRM:49 - employers number eneterd
2025-06-16 19:35:06,918  INFO [main] CogmentoCRM:51 - clicked on save button
2025-06-16 19:35:13,321  INFO [main] CogmentoCRM:99 - Chrome browser opened
2025-06-16 19:35:13,348  INFO [main] CogmentoCRM:59 - cookies deleted
2025-06-16 19:35:13,401  INFO [main] CogmentoCRM:61 - Browser maximized
2025-06-16 19:37:31,973  INFO [main] CogmentoCRM:63 - url launched
2025-06-16 19:37:31,996  INFO [main] CogmentoCRM:21 - waited untill page fully loaded
2025-06-16 19:37:32,337  INFO [main] CogmentoCRM:23 - Loggedin successfully
2025-06-16 19:37:32,345  INFO [main] CogmentoCRM:25 - page Title is matching
2025-06-16 19:37:36,327  INFO [main] CogmentoCRM:28 - Logged into the correct account
2025-06-16 19:37:36,764  INFO [main] CogmentoCRM:32 - Logo is validated
2025-06-16 19:37:39,067  INFO [main] CogmentoCRM:50 - Mousehover to the home icon
2025-06-16 19:37:40,018  INFO [main] CogmentoCRM:39 - company name eneterd
2025-06-16 19:37:40,444  INFO [main] CogmentoCRM:41 - website link eneterd
2025-06-16 19:37:40,722  INFO [main] CogmentoCRM:43 - city name eneterd
2025-06-16 19:37:41,120  INFO [main] CogmentoCRM:45 - phone number eneterd
2025-06-16 19:37:41,245  INFO [main] CogmentoCRM:47 - industry name eneterd
2025-06-16 19:37:41,393  INFO [main] CogmentoCRM:49 - employers number eneterd
2025-06-16 19:37:41,522  INFO [main] CogmentoCRM:51 - clicked on save button
2025-06-16 19:37:48,206  INFO [main] CogmentoCRM:99 - Chrome browser opened
2025-06-16 19:37:48,220  INFO [main] CogmentoCRM:59 - cookies deleted
2025-06-16 19:37:48,268  INFO [main] CogmentoCRM:61 - Browser maximized
2025-06-16 19:39:44,964  INFO [main] CogmentoCRM:63 - url launched
2025-06-16 19:39:44,992  INFO [main] CogmentoCRM:21 - waited untill page fully loaded
2025-06-16 19:39:45,331  INFO [main] CogmentoCRM:23 - Loggedin successfully
2025-06-16 19:39:45,338  INFO [main] CogmentoCRM:25 - page Title is matching
2025-06-16 19:39:48,389  INFO [main] CogmentoCRM:28 - Logged into the correct account
2025-06-16 19:39:49,014  INFO [main] CogmentoCRM:32 - Logo is validated
2025-06-16 19:39:51,255  INFO [main] CogmentoCRM:50 - Mousehover to the home icon
2025-06-16 19:39:52,008  INFO [main] CogmentoCRM:39 - company name eneterd
2025-06-16 19:39:52,346  INFO [main] CogmentoCRM:41 - website link eneterd
2025-06-16 19:39:52,582  INFO [main] CogmentoCRM:43 - city name eneterd
2025-06-16 19:39:52,895  INFO [main] CogmentoCRM:45 - phone number eneterd
2025-06-16 19:39:53,028  INFO [main] CogmentoCRM:47 - industry name eneterd
2025-06-16 19:39:53,206  INFO [main] CogmentoCRM:49 - employers number eneterd
2025-06-16 19:39:53,332  INFO [main] CogmentoCRM:51 - clicked on save button
2025-06-16 19:40:01,397  INFO [main] CogmentoCRM:99 - Chrome browser opened
2025-06-16 19:40:01,412  INFO [main] CogmentoCRM:59 - cookies deleted
2025-06-16 19:40:01,459  INFO [main] CogmentoCRM:61 - Browser maximized
2025-06-16 19:42:38,908  INFO [main] CogmentoCRM:63 - url launched
2025-06-16 19:42:38,955  INFO [main] CogmentoCRM:21 - waited untill page fully loaded
2025-06-16 19:42:39,305  INFO [main] CogmentoCRM:23 - Loggedin successfully
2025-06-16 19:42:39,312  INFO [main] CogmentoCRM:25 - page Title is matching
2025-06-16 19:42:43,072  INFO [main] CogmentoCRM:28 - Logged into the correct account
2025-06-16 19:42:43,493  INFO [main] CogmentoCRM:32 - Logo is validated
2025-06-16 19:42:45,862  INFO [main] CogmentoCRM:50 - Mousehover to the home icon
2025-06-16 19:42:46,683  INFO [main] CogmentoCRM:39 - company name eneterd
2025-06-16 19:42:47,016  INFO [main] CogmentoCRM:41 - website link eneterd
2025-06-16 19:42:47,208  INFO [main] CogmentoCRM:43 - city name eneterd
2025-06-16 19:42:47,534  INFO [main] CogmentoCRM:45 - phone number eneterd
2025-06-16 19:42:47,644  INFO [main] CogmentoCRM:47 - industry name eneterd
2025-06-16 19:42:47,818  INFO [main] CogmentoCRM:49 - employers number eneterd
2025-06-16 19:42:47,968  INFO [main] CogmentoCRM:51 - clicked on save button
2025-06-16 19:42:54,665  INFO [main] CogmentoCRM:99 - Chrome browser opened
2025-06-16 19:42:54,679  INFO [main] CogmentoCRM:59 - cookies deleted
2025-06-16 19:42:54,716  INFO [main] CogmentoCRM:61 - Browser maximized
2025-06-16 19:45:48,654  INFO [main] CogmentoCRM:63 - url launched
2025-06-16 19:45:48,694  INFO [main] CogmentoCRM:21 - waited untill page fully loaded
2025-06-16 19:45:49,291  INFO [main] CogmentoCRM:23 - Loggedin successfully
2025-06-16 19:45:49,303  INFO [main] CogmentoCRM:25 - page Title is matching
2025-06-16 19:45:52,982  INFO [main] CogmentoCRM:28 - Logged into the correct account
2025-06-16 19:45:53,626  INFO [main] CogmentoCRM:32 - Logo is validated
2025-06-16 19:45:57,160  INFO [main] CogmentoCRM:50 - Mousehover to the home icon
2025-06-16 19:45:58,159  INFO [main] CogmentoCRM:39 - company name eneterd
2025-06-16 19:45:58,614  INFO [main] CogmentoCRM:41 - website link eneterd
2025-06-16 19:45:58,861  INFO [main] CogmentoCRM:43 - city name eneterd
2025-06-16 19:45:59,358  INFO [main] CogmentoCRM:45 - phone number eneterd
2025-06-16 19:45:59,540  INFO [main] CogmentoCRM:47 - industry name eneterd
2025-06-16 19:45:59,834  INFO [main] CogmentoCRM:49 - employers number eneterd
2025-06-16 19:46:00,042  INFO [main] CogmentoCRM:51 - clicked on save button
2025-06-16 19:46:08,251  INFO [main] CogmentoCRM:99 - Chrome browser opened
2025-06-16 19:46:08,269  INFO [main] CogmentoCRM:59 - cookies deleted
2025-06-16 19:46:08,318  INFO [main] CogmentoCRM:61 - Browser maximized
2025-06-16 19:48:58,737  INFO [main] CogmentoCRM:63 - url launched
2025-06-16 19:48:58,766  INFO [main] CogmentoCRM:21 - waited untill page fully loaded
2025-06-16 19:48:59,118  INFO [main] CogmentoCRM:23 - Loggedin successfully
2025-06-16 19:48:59,127  INFO [main] CogmentoCRM:25 - page Title is matching
2025-06-16 19:49:02,638  INFO [main] CogmentoCRM:28 - Logged into the correct account
2025-06-16 19:49:03,202  INFO [main] CogmentoCRM:32 - Logo is validated
2025-06-16 19:49:05,446  INFO [main] CogmentoCRM:50 - Mousehover to the home icon
2025-06-16 19:49:06,179  INFO [main] CogmentoCRM:39 - company name eneterd
2025-06-16 19:49:06,544  INFO [main] CogmentoCRM:41 - website link eneterd
2025-06-16 19:49:06,707  INFO [main] CogmentoCRM:43 - city name eneterd
2025-06-16 19:49:07,040  INFO [main] CogmentoCRM:45 - phone number eneterd
2025-06-16 19:49:07,157  INFO [main] CogmentoCRM:47 - industry name eneterd
2025-06-16 19:49:07,342  INFO [main] CogmentoCRM:49 - employers number eneterd
2025-06-16 19:49:07,486  INFO [main] CogmentoCRM:51 - clicked on save button
2025-06-16 19:49:14,158  INFO [main] CogmentoCRM:99 - Chrome browser opened
2025-06-16 19:49:14,171  INFO [main] CogmentoCRM:59 - cookies deleted
2025-06-16 19:49:14,227  INFO [main] CogmentoCRM:61 - Browser maximized
2025-06-16 19:51:17,083  INFO [main] CogmentoCRM:63 - url launched
2025-06-16 19:51:17,153  INFO [main] CogmentoCRM:21 - waited untill page fully loaded
2025-06-16 19:51:17,517  INFO [main] CogmentoCRM:23 - Loggedin successfully
2025-06-16 19:51:17,525  INFO [main] CogmentoCRM:25 - page Title is matching
2025-06-16 19:51:21,444  INFO [main] CogmentoCRM:28 - Logged into the correct account
2025-06-16 19:51:22,060  INFO [main] CogmentoCRM:32 - Logo is validated
2025-06-16 19:51:25,049  INFO [main] CogmentoCRM:50 - Mousehover to the home icon
2025-06-16 19:51:26,174  INFO [main] CogmentoCRM:39 - company name eneterd
2025-06-16 19:51:26,936  INFO [main] CogmentoCRM:41 - website link eneterd
2025-06-16 19:51:27,270  INFO [main] CogmentoCRM:43 - city name eneterd
2025-06-16 19:51:27,871  INFO [main] CogmentoCRM:45 - phone number eneterd
2025-06-16 19:51:28,110  INFO [main] CogmentoCRM:47 - industry name eneterd
2025-06-16 19:51:28,423  INFO [main] CogmentoCRM:49 - employers number eneterd
2025-06-16 19:51:28,851  INFO [main] CogmentoCRM:51 - clicked on save button
2025-06-16 19:52:10,638  INFO [main] CogmentoCRM:99 - Chrome browser opened
2025-06-16 19:52:12,186 DEBUG [main] cache:45 - Couldn't find template in cache for "spark/spark.spa.ftl"("en_IN", UTF-8, parsed); will try to load it.
2025-06-16 19:52:12,200 DEBUG [main] cache:45 - TemplateLoader.findTemplateSource("spark/spark.spa_en_IN.ftl"): Not found
2025-06-16 19:52:12,206 DEBUG [main] cache:45 - TemplateLoader.findTemplateSource("spark/spark.spa_en.ftl"): Not found
2025-06-16 19:52:12,209 DEBUG [main] cache:45 - TemplateLoader.findTemplateSource("spark/spark.spa.ftl"): Found
2025-06-16 19:52:12,209 DEBUG [main] cache:45 - Loading template for "spark/spark.spa.ftl"("en_IN", UTF-8, parsed) from "jar:file:/C:/Users/phani/.m2/repository/com/aventstack/extentreports/5.1.1/extentreports-5.1.1.jar!/com/aventstack/extentreports/templates/spark/spark.spa.ftl"
2025-06-16 19:52:12,426 DEBUG [main] cache:45 - Couldn't find template in cache for "commons/commons-variables.ftl"("en_IN", UTF-8, parsed); will try to load it.
2025-06-16 19:52:12,433 DEBUG [main] cache:45 - TemplateLoader.findTemplateSource("commons/commons-variables_en_IN.ftl"): Not found
2025-06-16 19:52:12,436 DEBUG [main] cache:45 - TemplateLoader.findTemplateSource("commons/commons-variables_en.ftl"): Not found
2025-06-16 19:52:12,439 DEBUG [main] cache:45 - TemplateLoader.findTemplateSource("commons/commons-variables.ftl"): Found
2025-06-16 19:52:12,439 DEBUG [main] cache:45 - Loading template for "commons/commons-variables.ftl"("en_IN", UTF-8, parsed) from "jar:file:/C:/Users/phani/.m2/repository/com/aventstack/extentreports/5.1.1/extentreports-5.1.1.jar!/com/aventstack/extentreports/templates/commons/commons-variables.ftl"
2025-06-16 19:52:12,848 DEBUG [main] cache:45 - Couldn't find template in cache for "commons/commons-macros.ftl"("en_IN", UTF-8, parsed); will try to load it.
2025-06-16 19:52:12,849 DEBUG [main] cache:45 - TemplateLoader.findTemplateSource("commons/commons-macros_en_IN.ftl"): Not found
2025-06-16 19:52:12,850 DEBUG [main] cache:45 - TemplateLoader.findTemplateSource("commons/commons-macros_en.ftl"): Not found
2025-06-16 19:52:12,852 DEBUG [main] cache:45 - TemplateLoader.findTemplateSource("commons/commons-macros.ftl"): Found
2025-06-16 19:52:12,852 DEBUG [main] cache:45 - Loading template for "commons/commons-macros.ftl"("en_IN", UTF-8, parsed) from "jar:file:/C:/Users/phani/.m2/repository/com/aventstack/extentreports/5.1.1/extentreports-5.1.1.jar!/com/aventstack/extentreports/templates/commons/commons-macros.ftl"
2025-06-16 19:52:12,862 DEBUG [main] cache:45 - Couldn't find template in cache for "spark/macros/attributes.ftl"("en_IN", UTF-8, parsed); will try to load it.
2025-06-16 19:52:12,863 DEBUG [main] cache:45 - TemplateLoader.findTemplateSource("spark/macros/attributes_en_IN.ftl"): Not found
2025-06-16 19:52:12,863 DEBUG [main] cache:45 - TemplateLoader.findTemplateSource("spark/macros/attributes_en.ftl"): Not found
2025-06-16 19:52:12,864 DEBUG [main] cache:45 - TemplateLoader.findTemplateSource("spark/macros/attributes.ftl"): Found
2025-06-16 19:52:12,864 DEBUG [main] cache:45 - Loading template for "spark/macros/attributes.ftl"("en_IN", UTF-8, parsed) from "jar:file:/C:/Users/phani/.m2/repository/com/aventstack/extentreports/5.1.1/extentreports-5.1.1.jar!/com/aventstack/extentreports/templates/spark/macros/attributes.ftl"
2025-06-16 19:52:12,868 DEBUG [main] cache:45 - Couldn't find template in cache for "spark/macros/log.ftl"("en_IN", UTF-8, parsed); will try to load it.
2025-06-16 19:52:12,869 DEBUG [main] cache:45 - TemplateLoader.findTemplateSource("spark/macros/log_en_IN.ftl"): Not found
2025-06-16 19:52:12,871 DEBUG [main] cache:45 - TemplateLoader.findTemplateSource("spark/macros/log_en.ftl"): Not found
2025-06-16 19:52:12,871 DEBUG [main] cache:45 - TemplateLoader.findTemplateSource("spark/macros/log.ftl"): Found
2025-06-16 19:52:12,872 DEBUG [main] cache:45 - Loading template for "spark/macros/log.ftl"("en_IN", UTF-8, parsed) from "jar:file:/C:/Users/phani/.m2/repository/com/aventstack/extentreports/5.1.1/extentreports-5.1.1.jar!/com/aventstack/extentreports/templates/spark/macros/log.ftl"
2025-06-16 19:52:12,875 DEBUG [main] cache:45 - Couldn't find template in cache for "spark/macros/recurse_nodes.ftl"("en_IN", UTF-8, parsed); will try to load it.
2025-06-16 19:52:12,876 DEBUG [main] cache:45 - TemplateLoader.findTemplateSource("spark/macros/recurse_nodes_en_IN.ftl"): Not found
2025-06-16 19:52:12,877 DEBUG [main] cache:45 - TemplateLoader.findTemplateSource("spark/macros/recurse_nodes_en.ftl"): Not found
2025-06-16 19:52:12,877 DEBUG [main] cache:45 - TemplateLoader.findTemplateSource("spark/macros/recurse_nodes.ftl"): Found
2025-06-16 19:52:12,878 DEBUG [main] cache:45 - Loading template for "spark/macros/recurse_nodes.ftl"("en_IN", UTF-8, parsed) from "jar:file:/C:/Users/phani/.m2/repository/com/aventstack/extentreports/5.1.1/extentreports-5.1.1.jar!/com/aventstack/extentreports/templates/spark/macros/recurse_nodes.ftl"
2025-06-16 19:52:12,882 DEBUG [main] cache:45 - "spark/macros/log.ftl"("en_IN", UTF-8, parsed) cached copy not yet stale; using cached.
2025-06-16 19:52:12,883 DEBUG [main] cache:45 - Couldn't find template in cache for "spark/macros/attr-common.ftl"("en_IN", UTF-8, parsed); will try to load it.
2025-06-16 19:52:12,884 DEBUG [main] cache:45 - TemplateLoader.findTemplateSource("spark/macros/attr-common_en_IN.ftl"): Not found
2025-06-16 19:52:12,885 DEBUG [main] cache:45 - TemplateLoader.findTemplateSource("spark/macros/attr-common_en.ftl"): Not found
2025-06-16 19:52:12,886 DEBUG [main] cache:45 - TemplateLoader.findTemplateSource("spark/macros/attr-common.ftl"): Found
2025-06-16 19:52:12,887 DEBUG [main] cache:45 - Loading template for "spark/macros/attr-common.ftl"("en_IN", UTF-8, parsed) from "jar:file:/C:/Users/phani/.m2/repository/com/aventstack/extentreports/5.1.1/extentreports-5.1.1.jar!/com/aventstack/extentreports/templates/spark/macros/attr-common.ftl"
2025-06-16 19:52:12,900 DEBUG [main] cache:45 - Couldn't find template in cache for "spark/partials/head.ftl"("en_IN", UTF-8, parsed); will try to load it.
2025-06-16 19:52:12,901 DEBUG [main] cache:45 - TemplateLoader.findTemplateSource("spark/partials/head_en_IN.ftl"): Not found
2025-06-16 19:52:12,903 DEBUG [main] cache:45 - TemplateLoader.findTemplateSource("spark/partials/head_en.ftl"): Not found
2025-06-16 19:52:12,904 DEBUG [main] cache:45 - TemplateLoader.findTemplateSource("spark/partials/head.ftl"): Found
2025-06-16 19:52:12,904 DEBUG [main] cache:45 - Loading template for "spark/partials/head.ftl"("en_IN", UTF-8, parsed) from "jar:file:/C:/Users/phani/.m2/repository/com/aventstack/extentreports/5.1.1/extentreports-5.1.1.jar!/com/aventstack/extentreports/templates/spark/partials/head.ftl"
2025-06-16 19:52:12,909 DEBUG [main] cache:45 - Couldn't find template in cache for "commons/commons-inject-css.ftl"("en_IN", UTF-8, parsed); will try to load it.
2025-06-16 19:52:12,909 DEBUG [main] cache:45 - TemplateLoader.findTemplateSource("commons/commons-inject-css_en_IN.ftl"): Not found
2025-06-16 19:52:12,911 DEBUG [main] cache:45 - TemplateLoader.findTemplateSource("commons/commons-inject-css_en.ftl"): Not found
2025-06-16 19:52:12,912 DEBUG [main] cache:45 - TemplateLoader.findTemplateSource("commons/commons-inject-css.ftl"): Found
2025-06-16 19:52:12,912 DEBUG [main] cache:45 - Loading template for "commons/commons-inject-css.ftl"("en_IN", UTF-8, parsed) from "jar:file:/C:/Users/phani/.m2/repository/com/aventstack/extentreports/5.1.1/extentreports-5.1.1.jar!/com/aventstack/extentreports/templates/commons/commons-inject-css.ftl"
2025-06-16 19:52:12,914 DEBUG [main] cache:45 - Couldn't find template in cache for "spark/partials/navbar.ftl"("en_IN", UTF-8, parsed); will try to load it.
2025-06-16 19:52:12,915 DEBUG [main] cache:45 - TemplateLoader.findTemplateSource("spark/partials/navbar_en_IN.ftl"): Not found
2025-06-16 19:52:12,917 DEBUG [main] cache:45 - TemplateLoader.findTemplateSource("spark/partials/navbar_en.ftl"): Not found
2025-06-16 19:52:12,918 DEBUG [main] cache:45 - TemplateLoader.findTemplateSource("spark/partials/navbar.ftl"): Found
2025-06-16 19:52:12,918 DEBUG [main] cache:45 - Loading template for "spark/partials/navbar.ftl"("en_IN", UTF-8, parsed) from "jar:file:/C:/Users/phani/.m2/repository/com/aventstack/extentreports/5.1.1/extentreports-5.1.1.jar!/com/aventstack/extentreports/templates/spark/partials/navbar.ftl"
2025-06-16 19:52:12,932 DEBUG [main] cache:45 - Couldn't find template in cache for "spark/partials/sidenav.ftl"("en_IN", UTF-8, parsed); will try to load it.
2025-06-16 19:52:12,934 DEBUG [main] cache:45 - TemplateLoader.findTemplateSource("spark/partials/sidenav_en_IN.ftl"): Not found
2025-06-16 19:52:12,935 DEBUG [main] cache:45 - TemplateLoader.findTemplateSource("spark/partials/sidenav_en.ftl"): Not found
2025-06-16 19:52:12,935 DEBUG [main] cache:45 - TemplateLoader.findTemplateSource("spark/partials/sidenav.ftl"): Found
2025-06-16 19:52:12,936 DEBUG [main] cache:45 - Loading template for "spark/partials/sidenav.ftl"("en_IN", UTF-8, parsed) from "jar:file:/C:/Users/phani/.m2/repository/com/aventstack/extentreports/5.1.1/extentreports-5.1.1.jar!/com/aventstack/extentreports/templates/spark/partials/sidenav.ftl"
2025-06-16 19:52:12,956 DEBUG [main] cache:45 - Couldn't find template in cache for "spark/partials/test.ftl"("en_IN", UTF-8, parsed); will try to load it.
2025-06-16 19:52:12,956 DEBUG [main] cache:45 - TemplateLoader.findTemplateSource("spark/partials/test_en_IN.ftl"): Not found
2025-06-16 19:52:12,957 DEBUG [main] cache:45 - TemplateLoader.findTemplateSource("spark/partials/test_en.ftl"): Not found
2025-06-16 19:52:12,959 DEBUG [main] cache:45 - TemplateLoader.findTemplateSource("spark/partials/test.ftl"): Found
2025-06-16 19:52:12,959 DEBUG [main] cache:45 - Loading template for "spark/partials/test.ftl"("en_IN", UTF-8, parsed) from "jar:file:/C:/Users/phani/.m2/repository/com/aventstack/extentreports/5.1.1/extentreports-5.1.1.jar!/com/aventstack/extentreports/templates/spark/partials/test.ftl"
2025-06-16 19:52:12,977 DEBUG [main] cache:45 - Couldn't find template in cache for "spark/partials/standard-content.ftl"("en_IN", UTF-8, parsed); will try to load it.
2025-06-16 19:52:12,978 DEBUG [main] cache:45 - TemplateLoader.findTemplateSource("spark/partials/standard-content_en_IN.ftl"): Not found
2025-06-16 19:52:12,979 DEBUG [main] cache:45 - TemplateLoader.findTemplateSource("spark/partials/standard-content_en.ftl"): Not found
2025-06-16 19:52:12,980 DEBUG [main] cache:45 - TemplateLoader.findTemplateSource("spark/partials/standard-content.ftl"): Found
2025-06-16 19:52:12,980 DEBUG [main] cache:45 - Loading template for "spark/partials/standard-content.ftl"("en_IN", UTF-8, parsed) from "jar:file:/C:/Users/phani/.m2/repository/com/aventstack/extentreports/5.1.1/extentreports-5.1.1.jar!/com/aventstack/extentreports/templates/spark/partials/standard-content.ftl"
2025-06-16 19:52:12,990 DEBUG [main] cache:45 - "spark/partials/standard-content.ftl"("en_IN", UTF-8, parsed) cached copy not yet stale; using cached.
2025-06-16 19:52:12,990 DEBUG [main] cache:45 - "spark/partials/standard-content.ftl"("en_IN", UTF-8, parsed) cached copy not yet stale; using cached.
2025-06-16 19:52:12,993 DEBUG [main] cache:45 - "spark/partials/standard-content.ftl"("en_IN", UTF-8, parsed) cached copy not yet stale; using cached.
2025-06-16 19:52:12,995 DEBUG [main] cache:45 - "spark/partials/standard-content.ftl"("en_IN", UTF-8, parsed) cached copy not yet stale; using cached.
2025-06-16 19:52:12,997 DEBUG [main] cache:45 - "spark/partials/standard-content.ftl"("en_IN", UTF-8, parsed) cached copy not yet stale; using cached.
2025-06-16 19:52:12,998 DEBUG [main] cache:45 - "spark/partials/standard-content.ftl"("en_IN", UTF-8, parsed) cached copy not yet stale; using cached.
2025-06-16 19:52:13,000 DEBUG [main] cache:45 - "spark/partials/standard-content.ftl"("en_IN", UTF-8, parsed) cached copy not yet stale; using cached.
2025-06-16 19:52:13,003 DEBUG [main] cache:45 - "spark/partials/standard-content.ftl"("en_IN", UTF-8, parsed) cached copy not yet stale; using cached.
2025-06-16 19:52:13,004 DEBUG [main] cache:45 - "spark/partials/standard-content.ftl"("en_IN", UTF-8, parsed) cached copy not yet stale; using cached.
2025-06-16 19:52:13,005 DEBUG [main] cache:45 - "spark/partials/standard-content.ftl"("en_IN", UTF-8, parsed) cached copy not yet stale; using cached.
2025-06-16 19:52:13,006 DEBUG [main] cache:45 - "spark/partials/standard-content.ftl"("en_IN", UTF-8, parsed) cached copy not yet stale; using cached.
2025-06-16 19:52:13,007 DEBUG [main] cache:45 - "spark/partials/standard-content.ftl"("en_IN", UTF-8, parsed) cached copy not yet stale; using cached.
2025-06-16 19:52:13,009 DEBUG [main] cache:45 - "spark/partials/standard-content.ftl"("en_IN", UTF-8, parsed) cached copy not yet stale; using cached.
2025-06-16 19:52:13,010 DEBUG [main] cache:45 - "spark/partials/standard-content.ftl"("en_IN", UTF-8, parsed) cached copy not yet stale; using cached.
2025-06-16 19:52:13,013 DEBUG [main] cache:45 - "spark/partials/standard-content.ftl"("en_IN", UTF-8, parsed) cached copy not yet stale; using cached.
2025-06-16 19:52:13,017 DEBUG [main] cache:45 - "spark/partials/standard-content.ftl"("en_IN", UTF-8, parsed) cached copy not yet stale; using cached.
2025-06-16 19:52:13,020 DEBUG [main] cache:45 - "spark/partials/standard-content.ftl"("en_IN", UTF-8, parsed) cached copy not yet stale; using cached.
2025-06-16 19:52:13,021 DEBUG [main] cache:45 - "spark/partials/standard-content.ftl"("en_IN", UTF-8, parsed) cached copy not yet stale; using cached.
2025-06-16 19:52:13,021 DEBUG [main] cache:45 - "spark/partials/standard-content.ftl"("en_IN", UTF-8, parsed) cached copy not yet stale; using cached.
2025-06-16 19:52:13,022 DEBUG [main] cache:45 - "spark/partials/standard-content.ftl"("en_IN", UTF-8, parsed) cached copy not yet stale; using cached.
2025-06-16 19:52:13,023 DEBUG [main] cache:45 - Couldn't find template in cache for "spark/partials/exception.ftl"("en_IN", UTF-8, parsed); will try to load it.
2025-06-16 19:52:13,024 DEBUG [main] cache:45 - TemplateLoader.findTemplateSource("spark/partials/exception_en_IN.ftl"): Not found
2025-06-16 19:52:13,024 DEBUG [main] cache:45 - TemplateLoader.findTemplateSource("spark/partials/exception_en.ftl"): Not found
2025-06-16 19:52:13,025 DEBUG [main] cache:45 - TemplateLoader.findTemplateSource("spark/partials/exception.ftl"): Found
2025-06-16 19:52:13,025 DEBUG [main] cache:45 - Loading template for "spark/partials/exception.ftl"("en_IN", UTF-8, parsed) from "jar:file:/C:/Users/phani/.m2/repository/com/aventstack/extentreports/5.1.1/extentreports-5.1.1.jar!/com/aventstack/extentreports/templates/spark/partials/exception.ftl"
2025-06-16 19:52:13,027 DEBUG [main] cache:45 - Couldn't find template in cache for "spark/partials/category.ftl"("en_IN", UTF-8, parsed); will try to load it.
2025-06-16 19:52:13,028 DEBUG [main] cache:45 - TemplateLoader.findTemplateSource("spark/partials/category_en_IN.ftl"): Not found
2025-06-16 19:52:13,028 DEBUG [main] cache:45 - TemplateLoader.findTemplateSource("spark/partials/category_en.ftl"): Not found
2025-06-16 19:52:13,029 DEBUG [main] cache:45 - TemplateLoader.findTemplateSource("spark/partials/category.ftl"): Found
2025-06-16 19:52:13,029 DEBUG [main] cache:45 - Loading template for "spark/partials/category.ftl"("en_IN", UTF-8, parsed) from "jar:file:/C:/Users/phani/.m2/repository/com/aventstack/extentreports/5.1.1/extentreports-5.1.1.jar!/com/aventstack/extentreports/templates/spark/partials/category.ftl"
2025-06-16 19:52:13,030 DEBUG [main] cache:45 - Couldn't find template in cache for "spark/partials/device.ftl"("en_IN", UTF-8, parsed); will try to load it.
2025-06-16 19:52:13,031 DEBUG [main] cache:45 - TemplateLoader.findTemplateSource("spark/partials/device_en_IN.ftl"): Not found
2025-06-16 19:52:13,032 DEBUG [main] cache:45 - TemplateLoader.findTemplateSource("spark/partials/device_en.ftl"): Not found
2025-06-16 19:52:13,032 DEBUG [main] cache:45 - TemplateLoader.findTemplateSource("spark/partials/device.ftl"): Found
2025-06-16 19:52:13,033 DEBUG [main] cache:45 - Loading template for "spark/partials/device.ftl"("en_IN", UTF-8, parsed) from "jar:file:/C:/Users/phani/.m2/repository/com/aventstack/extentreports/5.1.1/extentreports-5.1.1.jar!/com/aventstack/extentreports/templates/spark/partials/device.ftl"
2025-06-16 19:52:13,034 DEBUG [main] cache:45 - Couldn't find template in cache for "spark/partials/author.ftl"("en_IN", UTF-8, parsed); will try to load it.
2025-06-16 19:52:13,035 DEBUG [main] cache:45 - TemplateLoader.findTemplateSource("spark/partials/author_en_IN.ftl"): Not found
2025-06-16 19:52:13,035 DEBUG [main] cache:45 - TemplateLoader.findTemplateSource("spark/partials/author_en.ftl"): Not found
2025-06-16 19:52:13,037 DEBUG [main] cache:45 - TemplateLoader.findTemplateSource("spark/partials/author.ftl"): Found
2025-06-16 19:52:13,037 DEBUG [main] cache:45 - Loading template for "spark/partials/author.ftl"("en_IN", UTF-8, parsed) from "jar:file:/C:/Users/phani/.m2/repository/com/aventstack/extentreports/5.1.1/extentreports-5.1.1.jar!/com/aventstack/extentreports/templates/spark/partials/author.ftl"
2025-06-16 19:52:13,038 DEBUG [main] cache:45 - Couldn't find template in cache for "spark/partials/log.ftl"("en_IN", UTF-8, parsed); will try to load it.
2025-06-16 19:52:13,039 DEBUG [main] cache:45 - TemplateLoader.findTemplateSource("spark/partials/log_en_IN.ftl"): Not found
2025-06-16 19:52:13,039 DEBUG [main] cache:45 - TemplateLoader.findTemplateSource("spark/partials/log_en.ftl"): Not found
2025-06-16 19:52:13,040 DEBUG [main] cache:45 - TemplateLoader.findTemplateSource("spark/partials/log.ftl"): Found
2025-06-16 19:52:13,040 DEBUG [main] cache:45 - Loading template for "spark/partials/log.ftl"("en_IN", UTF-8, parsed) from "jar:file:/C:/Users/phani/.m2/repository/com/aventstack/extentreports/5.1.1/extentreports-5.1.1.jar!/com/aventstack/extentreports/templates/spark/partials/log.ftl"
2025-06-16 19:52:13,041 DEBUG [main] cache:45 - Couldn't find template in cache for "spark/partials/dashboard.ftl"("en_IN", UTF-8, parsed); will try to load it.
2025-06-16 19:52:13,042 DEBUG [main] cache:45 - TemplateLoader.findTemplateSource("spark/partials/dashboard_en_IN.ftl"): Not found
2025-06-16 19:52:13,042 DEBUG [main] cache:45 - TemplateLoader.findTemplateSource("spark/partials/dashboard_en.ftl"): Not found
2025-06-16 19:52:13,042 DEBUG [main] cache:45 - TemplateLoader.findTemplateSource("spark/partials/dashboard.ftl"): Found
2025-06-16 19:52:13,042 DEBUG [main] cache:45 - Loading template for "spark/partials/dashboard.ftl"("en_IN", UTF-8, parsed) from "jar:file:/C:/Users/phani/.m2/repository/com/aventstack/extentreports/5.1.1/extentreports-5.1.1.jar!/com/aventstack/extentreports/templates/spark/partials/dashboard.ftl"
2025-06-16 19:52:13,087 DEBUG [main] cache:45 - Couldn't find template in cache for "spark/partials/scripts.ftl"("en_IN", UTF-8, parsed); will try to load it.
2025-06-16 19:52:13,088 DEBUG [main] cache:45 - TemplateLoader.findTemplateSource("spark/partials/scripts_en_IN.ftl"): Not found
2025-06-16 19:52:13,088 DEBUG [main] cache:45 - TemplateLoader.findTemplateSource("spark/partials/scripts_en.ftl"): Not found
2025-06-16 19:52:13,088 DEBUG [main] cache:45 - TemplateLoader.findTemplateSource("spark/partials/scripts.ftl"): Found
2025-06-16 19:52:13,088 DEBUG [main] cache:45 - Loading template for "spark/partials/scripts.ftl"("en_IN", UTF-8, parsed) from "jar:file:/C:/Users/phani/.m2/repository/com/aventstack/extentreports/5.1.1/extentreports-5.1.1.jar!/com/aventstack/extentreports/templates/spark/partials/scripts.ftl"
2025-06-16 19:52:13,089 DEBUG [main] cache:45 - Couldn't find template in cache for "commons/commons-inject-js.ftl"("en_IN", UTF-8, parsed); will try to load it.
2025-06-16 19:52:13,090 DEBUG [main] cache:45 - TemplateLoader.findTemplateSource("commons/commons-inject-js_en_IN.ftl"): Not found
2025-06-16 19:52:13,090 DEBUG [main] cache:45 - TemplateLoader.findTemplateSource("commons/commons-inject-js_en.ftl"): Not found
2025-06-16 19:52:13,090 DEBUG [main] cache:45 - TemplateLoader.findTemplateSource("commons/commons-inject-js.ftl"): Found
2025-06-16 19:52:13,091 DEBUG [main] cache:45 - Loading template for "commons/commons-inject-js.ftl"("en_IN", UTF-8, parsed) from "jar:file:/C:/Users/phani/.m2/repository/com/aventstack/extentreports/5.1.1/extentreports-5.1.1.jar!/com/aventstack/extentreports/templates/commons/commons-inject-js.ftl"
